
  .   ____          _            __ _ _
 /\\ / ___'_ __ _ _(_)_ __  __ _ \ \ \ \
( ( )\___ | '_ | '_| | '_ \/ _` | \ \ \ \
 \\/  ___)| |_)| | | | | || (_| |  ) ) ) )
  '  |____| .__|_| |_|_| |_\__, | / / / /
 =========|_|==============|___/=/_/_/_/
 :: Spring Boot ::        (v1.0.2.RELEASE)

2014-06-09 15:29:23.404  INFO 9184 --- [           main] demo.Application                         : Starting Application on MW7IV7NTIMULIC with PID 9184 (C:\TDEV\tmonapp\bootdemo\target\natasdemo-0.0.1-SNAPSHOT.jar started by ki-jo.kim in C:\TDEV\tmonapp\bootdemo)
2014-06-09 15:29:23.470  INFO 9184 --- [           main] ationConfigEmbeddedWebApplicationContext : Refreshing org.springframework.boot.context.embedded.AnnotationConfigEmbeddedWebApplicationContext@9be2c6f: startup date [Mon Jun 09 15:29:23 KST 2014]; root of context hierarchy
2014-06-09 15:29:24.882  INFO 9184 --- [           main] .t.TomcatEmbeddedServletContainerFactory : Server initialized with port: 8080
2014-06-09 15:29:25.234  INFO 9184 --- [           main] o.apache.catalina.core.StandardService   : Starting service Tomcat
2014-06-09 15:29:25.235  INFO 9184 --- [           main] org.apache.catalina.core.StandardEngine  : Starting Servlet Engine: Apache Tomcat/7.0.52
2014-06-09 15:29:25.318 ERROR 9184 --- [cat-startStop-1] org.apache.catalina.core.ContainerBase   : A child container failed during start

java.util.concurrent.ExecutionException: java.lang.ExceptionInInitializerError
	at java.util.concurrent.FutureTask.report(FutureTask.java:122)
	at java.util.concurrent.FutureTask.get(FutureTask.java:188)
	at org.apache.catalina.core.ContainerBase.startInternal(ContainerBase.java:1123)
	at org.apache.catalina.core.StandardHost.startInternal(StandardHost.java:799)
	at org.apache.catalina.util.LifecycleBase.start(LifecycleBase.java:150)
	at org.apache.catalina.core.ContainerBase$StartChild.call(ContainerBase.java:1559)
	at org.apache.catalina.core.ContainerBase$StartChild.call(ContainerBase.java:1549)
	at java.util.concurrent.FutureTask.run(FutureTask.java:262)
	at java.util.concurrent.ThreadPoolExecutor.runWorker(ThreadPoolExecutor.java:1145)
	at java.util.concurrent.ThreadPoolExecutor$Worker.run(ThreadPoolExecutor.java:615)
	at java.lang.Thread.run(Thread.java:744)
Caused by: java.lang.ExceptionInInitializerError: null
	at org.apache.catalina.startup.TldConfig.createTldDigester(TldConfig.java:94)
	at org.apache.catalina.startup.TldConfig.init(TldConfig.java:576)
	at org.apache.catalina.startup.TldConfig.lifecycleEvent(TldConfig.java:559)
	at org.apache.catalina.util.LifecycleSupport.fireLifecycleEvent(LifecycleSupport.java:117)
	at org.apache.catalina.util.LifecycleBase.fireLifecycleEvent(LifecycleBase.java:90)
	at org.apache.catalina.util.LifecycleBase.setStateInternal(LifecycleBase.java:402)
	at org.apache.catalina.util.LifecycleBase.init(LifecycleBase.java:110)
	at org.apache.catalina.util.LifecycleBase.start(LifecycleBase.java:139)
	... 6 common frames omitted
Caused by: java.lang.NullPointerException: null
	at org.apache.tomcat.util.descriptor.DigesterFactory.idFor(DigesterFactory.java:107)
	at org.apache.tomcat.util.descriptor.DigesterFactory.<clinit>(DigesterFactory.java:53)
	... 14 common frames omitted

2014-06-09 15:29:25.320 ERROR 9184 --- [           main] org.apache.catalina.core.ContainerBase   : A child container failed during start

java.util.concurrent.ExecutionException: org.apache.catalina.LifecycleException: Failed to start component [StandardEngine[Tomcat].StandardHost[localhost]]
	at java.util.concurrent.FutureTask.report(FutureTask.java:122)
	at java.util.concurrent.FutureTask.get(FutureTask.java:188)
	at org.apache.catalina.core.ContainerBase.startInternal(ContainerBase.java:1123)
	at org.apache.catalina.core.StandardEngine.startInternal(StandardEngine.java:300)
	at org.apache.catalina.util.LifecycleBase.start(LifecycleBase.java:150)
	at org.apache.catalina.core.StandardService.startInternal(StandardService.java:443)
	at org.apache.catalina.util.LifecycleBase.start(LifecycleBase.java:150)
	at org.apache.catalina.core.StandardServer.startInternal(StandardServer.java:731)
	at org.apache.catalina.util.LifecycleBase.start(LifecycleBase.java:150)
	at org.apache.catalina.startup.Tomcat.start(Tomcat.java:341)
	at org.springframework.boot.context.embedded.tomcat.TomcatEmbeddedServletContainer.initialize(TomcatEmbeddedServletContainer.java:79)
	at org.springframework.boot.context.embedded.tomcat.TomcatEmbeddedServletContainer.<init>(TomcatEmbeddedServletContainer.java:69)
	at org.springframework.boot.context.embedded.tomcat.TomcatEmbeddedServletContainerFactory.getTomcatEmbeddedServletContainer(TomcatEmbeddedServletContainerFactory.java:270)
	at org.springframework.boot.context.embedded.tomcat.TomcatEmbeddedServletContainerFactory.getEmbeddedServletContainer(TomcatEmbeddedServletContainerFactory.java:145)
	at org.springframework.boot.context.embedded.EmbeddedWebApplicationContext.createEmbeddedServletContainer(EmbeddedWebApplicationContext.java:159)
	at org.springframework.boot.context.embedded.EmbeddedWebApplicationContext.onRefresh(EmbeddedWebApplicationContext.java:132)
	at org.springframework.context.support.AbstractApplicationContext.refresh(AbstractApplicationContext.java:476)
	at org.springframework.boot.context.embedded.EmbeddedWebApplicationContext.refresh(EmbeddedWebApplicationContext.java:120)
	at org.springframework.boot.SpringApplication.refresh(SpringApplication.java:648)
	at org.springframework.boot.SpringApplication.run(SpringApplication.java:311)
	at org.springframework.boot.SpringApplication.run(SpringApplication.java:909)
	at org.springframework.boot.SpringApplication.run(SpringApplication.java:898)
	at demo.Application.main(Application.java:14)
	at sun.reflect.NativeMethodAccessorImpl.invoke0(Native Method)
	at sun.reflect.NativeMethodAccessorImpl.invoke(NativeMethodAccessorImpl.java:57)
	at sun.reflect.DelegatingMethodAccessorImpl.invoke(DelegatingMethodAccessorImpl.java:43)
	at java.lang.reflect.Method.invoke(Method.java:606)
	at org.springframework.boot.loader.MainMethodRunner.run(MainMethodRunner.java:53)
	at java.lang.Thread.run(Thread.java:744)
Caused by: org.apache.catalina.LifecycleException: Failed to start component [StandardEngine[Tomcat].StandardHost[localhost]]
	at org.apache.catalina.util.LifecycleBase.start(LifecycleBase.java:154)
	at org.apache.catalina.core.ContainerBase$StartChild.call(ContainerBase.java:1559)
	at org.apache.catalina.core.ContainerBase$StartChild.call(ContainerBase.java:1549)
	at java.util.concurrent.FutureTask.run(FutureTask.java:262)
	at java.util.concurrent.ThreadPoolExecutor.runWorker(ThreadPoolExecutor.java:1145)
	at java.util.concurrent.ThreadPoolExecutor$Worker.run(ThreadPoolExecutor.java:615)
	... 1 common frames omitted
Caused by: org.apache.catalina.LifecycleException: A child container failed during start
	at org.apache.catalina.core.ContainerBase.startInternal(ContainerBase.java:1131)
	at org.apache.catalina.core.StandardHost.startInternal(StandardHost.java:799)
	at org.apache.catalina.util.LifecycleBase.start(LifecycleBase.java:150)
	... 6 common frames omitted

2014-06-09 15:29:25.322  INFO 9184 --- [           main] .b.l.ClasspathLoggingApplicationListener : Application failed to start with classpath: [jar:file:C:\TDEV\tmonapp\bootdemo\target\natasdemo-0.0.1-SNAPSHOT.jar!/, jar:file:C:\TDEV\tmonapp\bootdemo\target\natasdemo-0.0.1-SNAPSHOT.jar!/lib/spring-boot-starter-web-1.0.2.RELEASE.jar!/, jar:file:C:\TDEV\tmonapp\bootdemo\target\natasdemo-0.0.1-SNAPSHOT.jar!/lib/spring-boot-starter-1.0.2.RELEASE.jar!/, jar:file:C:\TDEV\tmonapp\bootdemo\target\natasdemo-0.0.1-SNAPSHOT.jar!/lib/spring-boot-1.0.2.RELEASE.jar!/, jar:file:C:\TDEV\tmonapp\bootdemo\target\natasdemo-0.0.1-SNAPSHOT.jar!/lib/spring-boot-autoconfigure-1.0.2.RELEASE.jar!/, jar:file:C:\TDEV\tmonapp\bootdemo\target\natasdemo-0.0.1-SNAPSHOT.jar!/lib/spring-boot-starter-logging-1.0.2.RELEASE.jar!/, jar:file:C:\TDEV\tmonapp\bootdemo\target\natasdemo-0.0.1-SNAPSHOT.jar!/lib/jcl-over-slf4j-1.7.7.jar!/, jar:file:C:\TDEV\tmonapp\bootdemo\target\natasdemo-0.0.1-SNAPSHOT.jar!/lib/slf4j-api-1.7.7.jar!/, jar:file:C:\TDEV\tmonapp\bootdemo\target\natasdemo-0.0.1-SNAPSHOT.jar!/lib/jul-to-slf4j-1.7.7.jar!/, jar:file:C:\TDEV\tmonapp\bootdemo\target\natasdemo-0.0.1-SNAPSHOT.jar!/lib/log4j-over-slf4j-1.7.7.jar!/, jar:file:C:\TDEV\tmonapp\bootdemo\target\natasdemo-0.0.1-SNAPSHOT.jar!/lib/logback-classic-1.1.2.jar!/, jar:file:C:\TDEV\tmonapp\bootdemo\target\natasdemo-0.0.1-SNAPSHOT.jar!/lib/logback-core-1.1.2.jar!/, jar:file:C:\TDEV\tmonapp\bootdemo\target\natasdemo-0.0.1-SNAPSHOT.jar!/lib/snakeyaml-1.13.jar!/, jar:file:C:\TDEV\tmonapp\bootdemo\target\natasdemo-0.0.1-SNAPSHOT.jar!/lib/spring-boot-starter-tomcat-1.0.2.RELEASE.jar!/, jar:file:C:\TDEV\tmonapp\bootdemo\target\natasdemo-0.0.1-SNAPSHOT.jar!/lib/tomcat-embed-core-7.0.52.jar!/, jar:file:C:\TDEV\tmonapp\bootdemo\target\natasdemo-0.0.1-SNAPSHOT.jar!/lib/tomcat-embed-el-7.0.52.jar!/, jar:file:C:\TDEV\tmonapp\bootdemo\target\natasdemo-0.0.1-SNAPSHOT.jar!/lib/tomcat-embed-logging-juli-7.0.52.jar!/, jar:file:C:\TDEV\tmonapp\bootdemo\target\natasdemo-0.0.1-SNAPSHOT.jar!/lib/jackson-databind-2.3.3.jar!/, jar:file:C:\TDEV\tmonapp\bootdemo\target\natasdemo-0.0.1-SNAPSHOT.jar!/lib/jackson-annotations-2.3.0.jar!/, jar:file:C:\TDEV\tmonapp\bootdemo\target\natasdemo-0.0.1-SNAPSHOT.jar!/lib/jackson-core-2.3.3.jar!/, jar:file:C:\TDEV\tmonapp\bootdemo\target\natasdemo-0.0.1-SNAPSHOT.jar!/lib/spring-web-4.0.3.RELEASE.jar!/, jar:file:C:\TDEV\tmonapp\bootdemo\target\natasdemo-0.0.1-SNAPSHOT.jar!/lib/spring-aop-4.0.3.RELEASE.jar!/, jar:file:C:\TDEV\tmonapp\bootdemo\target\natasdemo-0.0.1-SNAPSHOT.jar!/lib/aopalliance-1.0.jar!/, jar:file:C:\TDEV\tmonapp\bootdemo\target\natasdemo-0.0.1-SNAPSHOT.jar!/lib/spring-beans-4.0.3.RELEASE.jar!/, jar:file:C:\TDEV\tmonapp\bootdemo\target\natasdemo-0.0.1-SNAPSHOT.jar!/lib/spring-context-4.0.3.RELEASE.jar!/, jar:file:C:\TDEV\tmonapp\bootdemo\target\natasdemo-0.0.1-SNAPSHOT.jar!/lib/spring-core-4.0.3.RELEASE.jar!/, jar:file:C:\TDEV\tmonapp\bootdemo\target\natasdemo-0.0.1-SNAPSHOT.jar!/lib/spring-webmvc-4.0.3.RELEASE.jar!/, jar:file:C:\TDEV\tmonapp\bootdemo\target\natasdemo-0.0.1-SNAPSHOT.jar!/lib/spring-expression-4.0.3.RELEASE.jar!/]
